==00:00:00:00.000 6415== Memcheck, a memory error detector
==00:00:00:00.002 6415== Copyright (C) 2002-2012, and GNU GPL'd, by Julian Seward et al.
==00:00:00:00.003 6415== Using Valgrind-3.8.1 and LibVEX; rerun with -h for copyright info
==00:00:00:00.003 6415== Command: ./tp
==00:00:00:00.003 6415== Parent PID: 6414
==00:00:00:00.003 6415== 
==00:00:00:00.714 6415== 
==00:00:00:00.715 6415== FILE DESCRIPTORS: 4 open at exit.
==00:00:00:00.715 6415== Open file descriptor 3: /run/media/federicorossi/Archivos/Federico/UBA/Carrera de grado/Materias/75.42 Taller de Programacion I/Trabajos practicos/03/Codigo/valgrind.out
==00:00:00:00.715 6415==    <inherited from parent>
==00:00:00:00.715 6415== 
==00:00:00:00.715 6415== Open file descriptor 2: /dev/pts/0
==00:00:00:00.715 6415==    <inherited from parent>
==00:00:00:00.715 6415== 
==00:00:00:00.715 6415== Open file descriptor 1: /dev/pts/0
==00:00:00:00.715 6415==    <inherited from parent>
==00:00:00:00.715 6415== 
==00:00:00:00.715 6415== Open file descriptor 0: /dev/pts/0
==00:00:00:00.716 6415==    <inherited from parent>
==00:00:00:00.716 6415== 
==00:00:00:00.716 6415== 
==00:00:00:00.716 6415== HEAP SUMMARY:
==00:00:00:00.716 6415==     in use at exit: 0 bytes in 0 blocks
==00:00:00:00.716 6415==   total heap usage: 14 allocs, 14 frees, 112 bytes allocated
==00:00:00:00.716 6415== 
==00:00:00:00.716 6415== All heap blocks were freed -- no leaks are possible
==00:00:00:00.716 6415== 
==00:00:00:00.716 6415== For counts of detected and suppressed errors, rerun with: -v
==00:00:00:00.716 6415== ERROR SUMMARY: 0 errors from 0 contexts (suppressed: 0 from 0)
